<?xml version="1.0" encoding="UTF-8"?>
<!-- Generated by org.testng.reporters.JUnitReportReporter -->
<testsuite hostname="VISWA" failures="0" tests="1" name="TestNGAnnotations.AnnotationSequence" time="0.012" errors="0" timestamp="2024-07-12T14:32:41 IST" skipped="0">
  <testcase classname="TestNGAnnotations.AnnotationSequence" name="f" time="0.012"/>
  <system-out/>
</testsuite> <!-- TestNGAnnotations.AnnotationSequence -->
