<?xml version="1.0" encoding="UTF-8"?>
<!-- Generated by org.testng.reporters.JUnitReportReporter -->
<testsuite hostname="VISWA" failures="0" tests="2" name="BeforeTest_BeforeClass.BeforeTestAndBeforeClassTest" time="0.002" errors="0" timestamp="2024-07-12T17:48:53 IST" skipped="0">
  <testcase classname="BeforeTest_BeforeClass.BeforeTestAndBeforeClassTest" name="f1" time="0.001"/>
  <system-out/>
  <testcase classname="BeforeTest_BeforeClass.BeforeTestAndBeforeClassTest" name="f2" time="0.001"/>
  <system-out/>
</testsuite> <!-- BeforeTest_BeforeClass.BeforeTestAndBeforeClassTest -->
