<?xml version="1.0" encoding="UTF-8"?>
<!-- Generated by org.testng.reporters.JUnitReportReporter -->
<testsuite hostname="VISWA" failures="0" tests="8" name="TestNGAnnotations.ExamplePriority" time="0.017" errors="0" timestamp="2024-07-14T00:03:39 IST" skipped="0">
  <testcase classname="TestNGAnnotations.ExamplePriority" name="BeforeSuite" time="0.010"/>
  <system-out/>
  <testcase classname="TestNGAnnotations.ExamplePriority" name="beforeTest" time="0.000"/>
  <system-out/>
  <testcase classname="TestNGAnnotations.ExamplePriority" name="beforeMethod" time="0.002"/>
  <system-out/>
  <testcase classname="TestNGAnnotations.ExamplePriority" name="f1" time="0.001"/>
  <system-out/>
  <testcase classname="TestNGAnnotations.ExamplePriority" name="f2" time="0.001"/>
  <system-out/>
  <testcase classname="TestNGAnnotations.ExamplePriority" name="afterMethod" time="0.001"/>
  <system-out/>
  <testcase classname="TestNGAnnotations.ExamplePriority" name="AfterSuite" time="0.001"/>
  <system-out/>
  <testcase classname="TestNGAnnotations.ExamplePriority" name="afterTest" time="0.001"/>
  <system-out/>
</testsuite> <!-- TestNGAnnotations.ExamplePriority -->
