<?xml version="1.0" encoding="UTF-8"?>
<!-- Generated by org.testng.reporters.JUnitReportReporter -->
<testsuite hostname="VISWA" failures="0" tests="2" name="TestNGAnnotations.Groups" time="0.003" errors="0" timestamp="2024-07-14T00:52:55 IST" skipped="0">
  <testcase classname="TestNGAnnotations.Groups" name="f1" time="0.001"/>
  <system-out/>
  <testcase classname="TestNGAnnotations.Groups" name="f2" time="0.002"/>
  <system-out/>
</testsuite> <!-- TestNGAnnotations.Groups -->
