<?xml version="1.0" encoding="UTF-8"?>
<!-- Generated by org.testng.reporters.JUnitReportReporter -->
<testsuite hostname="VISWA" failures="0" tests="2" name="TestNGAnnotations.AnnotationSequence" time="0.011" errors="0" timestamp="2024-07-12T14:37:04 IST" skipped="0">
  <testcase classname="TestNGAnnotations.AnnotationSequence" name="f1" time="0.008"/>
  <system-out/>
  <testcase classname="TestNGAnnotations.AnnotationSequence" name="f2" time="0.003"/>
  <system-out/>
</testsuite> <!-- TestNGAnnotations.AnnotationSequence -->
