<?xml version="1.0" encoding="UTF-8"?>
<!-- Generated by org.testng.reporters.JUnitReportReporter -->
<testsuite hostname="VISWA" failures="0" tests="2" name="TestNGAnnotations.DataProviderExample" time="0.012" errors="0" timestamp="2024-07-13T14:54:48 IST" skipped="0">
  <testcase classname="TestNGAnnotations.DataProviderExample" name="displayData" time="0.001"/>
  <system-out/>
  <testcase classname="TestNGAnnotations.DataProviderExample" name="displayData" time="0.011"/>
  <system-out/>
</testsuite> <!-- TestNGAnnotations.DataProviderExample -->
