<?xml version="1.0" encoding="UTF-8"?>
<!-- Generated by org.testng.reporters.JUnitReportReporter -->
<testsuite hostname="VISWA" failures="0" tests="2" name="TestNGAnnotations.Groups" time="0.015" errors="0" timestamp="2024-07-12T22:57:23 IST" skipped="0">
  <testcase classname="TestNGAnnotations.Groups" name="f1" time="0.011"/>
  <system-out/>
  <testcase classname="TestNGAnnotations.Groups" name="f2" time="0.004"/>
  <system-out/>
</testsuite> <!-- TestNGAnnotations.Groups -->
