<?xml version="1.0" encoding="UTF-8"?>
<!-- Generated by org.testng.reporters.JUnitReportReporter -->
<testsuite hostname="VISWA" failures="0" tests="6" name="TestNGAnnotations.AnnotationSequence" time="0.029" errors="0" timestamp="2024-07-13T14:14:55 IST" skipped="0">
  <testcase classname="TestNGAnnotations.AnnotationSequence" name="f2" time="0.002"/>
  <system-out/>
  <testcase classname="TestNGAnnotations.AnnotationSequence" name="testingParameters" time="0.004"/>
  <system-out/>
  <testcase classname="TestNGAnnotations.AnnotationSequence" name="testingParameters" time="0.001"/>
  <system-out/>
  <testcase classname="TestNGAnnotations.AnnotationSequence" name="f1" time="0.018"/>
  <system-out/>
  <testcase classname="TestNGAnnotations.AnnotationSequence" name="f2" time="0.003"/>
  <system-out/>
  <testcase classname="TestNGAnnotations.AnnotationSequence" name="f1" time="0.001"/>
  <system-out/>
</testsuite> <!-- TestNGAnnotations.AnnotationSequence -->
