<?xml version="1.0" encoding="UTF-8"?>
<!-- Generated by org.testng.reporters.JUnitReportReporter -->
<testsuite hostname="VISWA" failures="0" tests="11" name="BeforeTest_BeforeClass.Class1" time="0.082" errors="0" timestamp="2024-07-14T01:09:15 IST" skipped="1">
  <testcase classname="BeforeTest_BeforeClass.Class1" name="f2" time="0.006"/>
  <system-out/>
  <testcase classname="BeforeTest_BeforeClass.Class1" name="f2" time="0.005"/>
  <system-out/>
  <testcase classname="BeforeTest_BeforeClass.Class1" name="f2" time="0.004"/>
  <system-out/>
  <testcase classname="BeforeTest_BeforeClass.Class1" name="f2" time="0.010"/>
  <system-out/>
  <testcase classname="BeforeTest_BeforeClass.Class1" name="f2" time="0.012"/>
  <system-out/>
  <testcase classname="BeforeTest_BeforeClass.Class1" name="f2" time="0.003"/>
  <system-out/>
  <testcase classname="BeforeTest_BeforeClass.Class1" name="f2" time="0.012"/>
  <system-out/>
  <testcase classname="BeforeTest_BeforeClass.Class1" name="f2" time="0.012"/>
  <system-out/>
  <testcase classname="BeforeTest_BeforeClass.Class1" name="f2" time="0.014"/>
  <system-out/>
  <testcase classname="BeforeTest_BeforeClass.Class1" name="f2" time="0.004"/>
  <system-out/>
  <testcase classname="BeforeTest_BeforeClass.Class1" name="f1">
    <skipped/>
  </testcase> <!-- f1 -->
  <system-out/>
</testsuite> <!-- BeforeTest_BeforeClass.Class1 -->
