<?xml version="1.0" encoding="UTF-8"?>
<!-- Generated by org.testng.reporters.JUnitReportReporter -->
<testsuite hostname="VISWA" failures="0" tests="4" name="CustomAnnotation.SampleTestClass" time="0.013" errors="0" timestamp="2024-07-14T23:31:26 IST" skipped="0">
  <testcase classname="CustomAnnotation.SampleTestClass" name="runSmokeTests" time="0.002"/>
  <system-out/>
  <testcase classname="CustomAnnotation.SampleTestClass" name="sampleTest2" time="0.001"/>
  <system-out/>
  <testcase classname="CustomAnnotation.SampleTestClass" name="runRegressionTests" time="0.009"/>
  <system-out/>
  <testcase classname="CustomAnnotation.SampleTestClass" name="sampleTest1" time="0.001"/>
  <system-out/>
</testsuite> <!-- CustomAnnotation.SampleTestClass -->
