<?xml version="1.0" encoding="UTF-8"?>
<!-- Generated by org.testng.reporters.JUnitReportReporter -->
<testsuite hostname="VISWA" failures="0" tests="3" name="TestNGAnnotations.AnnotationSequence" time="0.015" errors="0" timestamp="2024-07-13T00:01:15 IST" skipped="0">
  <testcase classname="TestNGAnnotations.AnnotationSequence" name="f1" time="0.010"/>
  <system-out/>
  <testcase classname="TestNGAnnotations.AnnotationSequence" name="testingParameters" time="0.003"/>
  <system-out/>
  <testcase classname="TestNGAnnotations.AnnotationSequence" name="f2" time="0.002"/>
  <system-out/>
</testsuite> <!-- TestNGAnnotations.AnnotationSequence -->
