<?xml version="1.0" encoding="UTF-8"?>
<!-- Generated by org.testng.reporters.JUnitReportReporter -->
<testsuite hostname="VISWA" failures="0" tests="2" name="BeforeTest_BeforeClass.Class1" time="0.019" errors="0" timestamp="2024-07-12T20:53:40 IST" skipped="2">
  <testcase classname="BeforeTest_BeforeClass.Class1" name="f2" time="0.019">
    <skipped/>
  </testcase> <!-- f2 -->
  <system-out/>
  <testcase classname="BeforeTest_BeforeClass.Class1" name="f1">
    <skipped/>
  </testcase> <!-- f1 -->
  <system-out/>
</testsuite> <!-- BeforeTest_BeforeClass.Class1 -->
