<?xml version="1.0" encoding="UTF-8"?>
<!-- Generated by org.testng.reporters.JUnitReportReporter -->
<testsuite hostname="VISWA" failures="0" tests="11" name="BeforeTest_BeforeClass.Class1" time="0.093" errors="0" timestamp="2024-07-14T20:18:29 IST" skipped="1">
  <testcase classname="BeforeTest_BeforeClass.Class1" name="f2" time="0.004"/>
  <system-out/>
  <testcase classname="BeforeTest_BeforeClass.Class1" name="f2" time="0.011"/>
  <system-out/>
  <testcase classname="BeforeTest_BeforeClass.Class1" name="f2" time="0.015"/>
  <system-out/>
  <testcase classname="BeforeTest_BeforeClass.Class1" name="f2" time="0.013"/>
  <system-out/>
  <testcase classname="BeforeTest_BeforeClass.Class1" name="f2" time="0.012"/>
  <system-out/>
  <testcase classname="BeforeTest_BeforeClass.Class1" name="f2" time="0.005"/>
  <system-out/>
  <testcase classname="BeforeTest_BeforeClass.Class1" name="f2" time="0.009"/>
  <system-out/>
  <testcase classname="BeforeTest_BeforeClass.Class1" name="f2" time="0.011"/>
  <system-out/>
  <testcase classname="BeforeTest_BeforeClass.Class1" name="f2" time="0.007"/>
  <system-out/>
  <testcase classname="BeforeTest_BeforeClass.Class1" name="f2" time="0.006"/>
  <system-out/>
  <testcase classname="BeforeTest_BeforeClass.Class1" name="f1">
    <skipped/>
  </testcase> <!-- f1 -->
  <system-out/>
</testsuite> <!-- BeforeTest_BeforeClass.Class1 -->
