<?xml version="1.0" encoding="UTF-8"?>
<!-- Generated by org.testng.reporters.JUnitReportReporter -->
<testsuite hostname="VISWA" failures="0" tests="14" name="TestNGAnnotations.AnnotationSequence" time="0.057" errors="0" timestamp="2024-07-15T00:08:47 IST" skipped="0">
  <testcase classname="TestNGAnnotations.AnnotationSequence" name="f1" time="0.025"/>
  <system-out/>
  <testcase classname="TestNGAnnotations.AnnotationSequence" name="testProduct" time="0.002"/>
  <system-out/>
  <testcase classname="TestNGAnnotations.AnnotationSequence" name="testProduct" time="0.004"/>
  <system-out/>
  <testcase classname="TestNGAnnotations.AnnotationSequence" name="f1" time="0.004"/>
  <system-out/>
  <testcase classname="TestNGAnnotations.AnnotationSequence" name="f2" time="0.001"/>
  <system-out/>
  <testcase classname="TestNGAnnotations.AnnotationSequence" name="testProduct" time="0.002"/>
  <system-out/>
  <testcase classname="TestNGAnnotations.AnnotationSequence" name="testProduct" time="0.002"/>
  <system-out/>
  <testcase classname="TestNGAnnotations.AnnotationSequence" name="testingParameters" time="0.002"/>
  <system-out/>
  <testcase classname="TestNGAnnotations.AnnotationSequence" name="testProduct" time="0.001"/>
  <system-out/>
  <testcase classname="TestNGAnnotations.AnnotationSequence" name="testProduct" time="0.003"/>
  <system-out/>
  <testcase classname="TestNGAnnotations.AnnotationSequence" name="testProduct" time="0.002"/>
  <system-out/>
  <testcase classname="TestNGAnnotations.AnnotationSequence" name="testProduct" time="0.002"/>
  <system-out/>
  <testcase classname="TestNGAnnotations.AnnotationSequence" name="f2" time="0.005"/>
  <system-out/>
  <testcase classname="TestNGAnnotations.AnnotationSequence" name="testingParameters" time="0.002"/>
  <system-out/>
</testsuite> <!-- TestNGAnnotations.AnnotationSequence -->
