<?xml version="1.0" encoding="UTF-8"?>
<!-- Generated by org.testng.reporters.JUnitReportReporter -->
<testsuite hostname="VISWA" failures="0" tests="5" name="TestNGAnnotations.Groups" time="0.019" errors="0" timestamp="2024-07-12T23:30:23 IST" skipped="0">
  <testcase classname="TestNGAnnotations.Groups" name="f1" time="0.009"/>
  <system-out/>
  <testcase classname="TestNGAnnotations.Groups" name="f2" time="0.002"/>
  <system-out/>
  <testcase classname="TestNGAnnotations.Groups" name="openGmail" time="0.003"/>
  <system-out/>
  <testcase classname="TestNGAnnotations.Groups" name="composeEmail" time="0.004"/>
  <system-out/>
  <testcase classname="TestNGAnnotations.Groups" name="sendEmail" time="0.001"/>
  <system-out/>
</testsuite> <!-- TestNGAnnotations.Groups -->
