<?xml version="1.0" encoding="UTF-8"?>
<!-- Generated by org.testng.reporters.JUnitReportReporter -->
<testsuite hostname="VISWA" failures="0" tests="2" name="TestNGAnnotations.AnnotationSequence" time="0.004" errors="0" timestamp="2024-07-12T17:41:33 IST" skipped="0">
  <testcase classname="TestNGAnnotations.AnnotationSequence" name="f2" time="0.002"/>
  <system-out/>
  <testcase classname="TestNGAnnotations.AnnotationSequence" name="f1" time="0.002"/>
  <system-out/>
</testsuite> <!-- TestNGAnnotations.AnnotationSequence -->
